{"level":"info","message":"Server listening on 8080","timestamp":"2024-11-02T05:46:39.691Z"}
{"level":"info","message":"Server listening on 8080","timestamp":"2024-11-02T05:54:36.149Z"}
{"level":"info","message":"Server listening on 8080","timestamp":"2024-11-02T05:54:54.450Z"}
{"level":"info","message":"Server listening on 8080","timestamp":"2024-11-02T05:58:20.364Z"}
{"level":"info","message":"Server listening on 8080","timestamp":"2024-11-02T06:06:03.636Z"}
{"level":"info","message":"Server listening on 8080","timestamp":"2024-11-02T06:06:38.874Z"}
{"level":"info","message":"Server listening on 8080","timestamp":"2024-11-02T06:06:56.844Z"}
{"level":"info","message":"Server listening on 8080","timestamp":"2024-11-02T06:07:32.000Z"}
{"level":"info","message":"Server listening on 8080","timestamp":"2024-11-02T06:10:51.268Z"}
{"level":"info","message":"Server listening on 8080","timestamp":"2024-11-02T06:10:57.787Z"}
{"level":"info","message":"Server listening on 8080","timestamp":"2024-11-03T19:50:46.172Z"}
{"level":"info","message":"Server listening on 8080","timestamp":"2024-11-03T19:50:48.853Z"}
{"level":"warn","message":"","timestamp":"2024-11-03T19:51:00.062Z"}
{"level":"info","message":"Server listening on 8080","timestamp":"2024-11-03T19:51:00.065Z"}
{"level":"warn","message":"se","timestamp":"2024-11-03T19:51:05.458Z"}
{"level":"info","message":"Server listening on 8080","timestamp":"2024-11-03T19:51:05.463Z"}
{"level":"warn","message":"server not ","timestamp":"2024-11-03T19:51:10.081Z"}
{"level":"info","message":"Server listening on 8080","timestamp":"2024-11-03T19:51:10.084Z"}
{"level":"warn","message":"server not lis","timestamp":"2024-11-03T19:51:16.767Z"}
{"level":"info","message":"Server listening on 8080","timestamp":"2024-11-03T19:51:16.770Z"}
{"level":"warn","message":"server not listening","timestamp":"2024-11-03T19:51:19.923Z"}
{"level":"info","message":"Server listening on 8080","timestamp":"2024-11-03T19:51:19.926Z"}
{"level":"warn","message":"server not listening","timestamp":"2024-11-03T19:51:22.082Z"}
{"level":"info","message":"Server listening on 8080","timestamp":"2024-11-03T19:51:22.086Z"}
{"level":"error","message":"TypeError","timestamp":"2024-11-03T19:52:11.133Z"}
{"level":"error","message":"The argument 'options' must have the property \"port\" or \"path\". Received {\n  NVM_INC: '/Users/admin/.nvm/versions/node/v21.5.0/include/node',\n  TERM_PROGRAM: 'vscode',\n  NODE: '/Users/admin/.nvm/versio...","timestamp":"2024-11-03T19:52:11.136Z"}
{"level":"error","message":"TypeError: The argument 'options' must have the property \"port\" or \"path\". Received {\n  NVM_INC: '/Users/admin/.nvm/versions/node/v21.5.0/include/node',\n  TERM_PROGRAM: 'vscode',\n  NODE: '/Users/admin/.nvm/versio...\n    at Server.listen (node:net:2061:11)\n    at /Users/admin/Alien__SHL/src/server.ts:38:10\n    at processTicksAndRejections (node:internal/process/task_queues:95:5)","timestamp":"2024-11-03T19:52:11.144Z"}
{"level":"warn","message":"server not listening","timestamp":"2024-11-03T19:52:55.281Z"}
{"level":"info","message":"Server listening on 8080","timestamp":"2024-11-03T19:52:55.284Z"}
{"level":"warn","message":"server not listening","timestamp":"2024-11-03T19:52:57.385Z"}
{"level":"info","message":"Server listening on 8080","timestamp":"2024-11-03T19:52:57.388Z"}
{"level":"warn","message":"server not listening","timestamp":"2024-11-03T19:53:19.367Z"}
{"level":"info","message":"Server listening on 8080","timestamp":"2024-11-03T19:53:19.370Z"}
